build/outputs/logs/manifest-merger-debug-report.txt
-- Merging decision tree log ---
manifest
ADDED from src/main/AndroidManifest.xml:2:1-51:12
	package
		ADDED from src/main/AndroidManifest.xml:3:5-31
		INJECTED from src/main/AndroidManifest.xml
		INJECTED from src/main/AndroidManifest.xml
	android:versionName
		ADDED from src/main/AndroidManifest.xml:6:5-30
		INJECTED from src/main/AndroidManifest.xml
		INJECTED from src/main/AndroidManifest.xml
	android:versionCode
		ADDED from src/main/AndroidManifest.xml:7:5-29
		INJECTED from src/main/AndroidManifest.xml
		INJECTED from src/main/AndroidManifest.xml
	xmlns:android
		ADDED from src/main/AndroidManifest.xml:2:11-69
	android:installLocation
		ADDED from src/main/AndroidManifest.xml:5:5-35
uses-sdk
ADDED from src/main/AndroidManifest.xml:9:5-11:41
	android:targetSdkVersion
		ADDED from src/main/AndroidManifest.xml:11:9-38
		INJECTED from src/main/AndroidManifest.xml
		INJECTED from src/main/AndroidManifest.xml
	android:minSdkVersion
		ADDED from src/main/AndroidManifest.xml:10:9-35
		INJECTED from src/main/AndroidManifest.xml
		INJECTED from src/main/AndroidManifest.xml
uses-permission#android.permission.ACCESS_COARSE_LOCATION
ADDED from src/main/AndroidManifest.xml:13:5-97
	android:name
		ADDED from src/main/AndroidManifest.xml:13:22-78
uses-permission#android.permission.ACCESS_FINE_LOCATION
ADDED from src/main/AndroidManifest.xml:14:5-79
	android:name
		ADDED from src/main/AndroidManifest.xml:14:22-76
supports-screens
ADDED from src/main/AndroidManifest.xml:16:5-22:57
	android:largeScreens
		ADDED from src/main/AndroidManifest.xml:19:9-36
	android:smallScreens
		ADDED from src/main/AndroidManifest.xml:18:9-37
	android:normalScreens
		ADDED from src/main/AndroidManifest.xml:17:9-37
	android:xlargeScreens
		ADDED from src/main/AndroidManifest.xml:22:9-37
	android:resizeable
		ADDED from src/main/AndroidManifest.xml:21:9-34
	android:anyDensity
		ADDED from src/main/AndroidManifest.xml:20:9-34
uses-feature#0x00010001
ADDED from src/main/AndroidManifest.xml:23:5-25:44
	android:glEsVersion
		ADDED from src/main/AndroidManifest.xml:25:9-41
	android:required
		ADDED from src/main/AndroidManifest.xml:24:9-32
application
ADDED from src/main/AndroidManifest.xml:29:5-50:19
	android:enabled
		ADDED from src/main/AndroidManifest.xml:32:9-31
	android:label
		ADDED from src/main/AndroidManifest.xml:31:9-41
	android:allowClearUserData
		ADDED from src/main/AndroidManifest.xml:34:9-42
	android:allowBackup
		ADDED from src/main/AndroidManifest.xml:33:9-35
	android:icon
		ADDED from src/main/AndroidManifest.xml:30:9-38
	android:description
		ADDED from src/main/AndroidManifest.xml:35:9-48
activity#de.gdoeppert.sky.gui.SkyActivity
ADDED from src/main/AndroidManifest.xml:36:9-48:20
	android:screenOrientation
		ADDED from src/main/AndroidManifest.xml:40:13-47
	android:label
		ADDED from src/main/AndroidManifest.xml:38:13-45
	android:hardwareAccelerated
		ADDED from src/main/AndroidManifest.xml:43:13-47
	android:windowSoftInputMode
		ADDED from src/main/AndroidManifest.xml:39:13-54
	android:configChanges
		ADDED from src/main/AndroidManifest.xml:42:13-48
	android:description
		ADDED from src/main/AndroidManifest.xml:41:13-52
	android:name
		ADDED from src/main/AndroidManifest.xml:37:13-60
intent-filter#android.intent.action.MAIN+android.intent.category.LAUNCHER
ADDED from src/main/AndroidManifest.xml:44:13-47:29
action#android.intent.action.MAIN
ADDED from src/main/AndroidManifest.xml:45:17-69
	android:name
		ADDED from src/main/AndroidManifest.xml:45:25-66
category#android.intent.category.LAUNCHER
ADDED from src/main/AndroidManifest.xml:46:17-77
	android:name
		ADDED from src/main/AndroidManifest.xml:46:27-74